app/build/intermediates/manifest_merge_blame_file/debug/manifest-merger-blame-debug-report.txt
1<?xml version="1.0" encoding="utf-8"?>
2<manifest xmlns:android="http://schemas.android.com/apk/res/android"
3    package="com.example.lifeline"
4    android:versionCode="1"
5    android:versionName="1.0" >
6
7    <uses-sdk
8        android:minSdkVersion="16"
8-->src/main/AndroidManifest.xml
9        android:targetSdkVersion="28" />
9-->src/main/AndroidManifest.xml
10
11    <uses-permission android:name="android.permission.CALL_PHONE" />
11-->src/main/AndroidManifest.xml:4:5-68
11-->src/main/AndroidManifest.xml:4:22-66
12    <uses-permission android:name="android.permission.INTERNET" />
12-->src/main/AndroidManifest.xml:5:5-67
12-->src/main/AndroidManifest.xml:5:22-64
13
14    <!-- Although the *SdkVersion is captured in gradle build files, this is required for non gradle builds -->
15    <!-- <uses-sdk android:minSdkVersion="14"/> -->
16    <uses-permission android:name="android.permission.ACCESS_NETWORK_STATE" />
16-->[com.google.firebase:firebase-storage:19.1.0] AndroidManifest.xml:26:5-79
16-->[com.google.firebase:firebase-storage:19.1.0] AndroidManifest.xml:26:22-76
17    <uses-permission android:name="android.permission.WAKE_LOCK" /> <!-- Required by older versions of Google Play services to create IID tokens -->
17-->[com.google.android.gms:play-services-measurement-api:17.2.2] AndroidManifest.xml:24:5-68
17-->[com.google.android.gms:play-services-measurement-api:17.2.2] AndroidManifest.xml:24:22-65
18    <uses-permission android:name="com.google.android.c2dm.permission.RECEIVE" />
18-->[com.google.firebase:firebase-iid:20.0.2] AndroidManifest.xml:26:5-82
18-->[com.google.firebase:firebase-iid:20.0.2] AndroidManifest.xml:26:22-79
19    <uses-permission android:name="com.google.android.finsky.permission.BIND_GET_INSTALL_REFERRER_SERVICE" />
19-->[com.google.android.gms:play-services-measurement:17.2.2] AndroidManifest.xml:26:5-110
19-->[com.google.android.gms:play-services-measurement:17.2.2] AndroidManifest.xml:26:22-107
20
21    <application
21-->src/main/AndroidManifest.xml:7:5-49:19
22        android:allowBackup="true"
22-->src/main/AndroidManifest.xml:8:9-35
23        android:appComponentFactory="androidx.core.app.CoreComponentFactory"
23-->[androidx.core:core:1.1.0] AndroidManifest.xml:24:18-86
24        android:debuggable="true"
25        android:fullBackupContent="true"
25-->src/main/AndroidManifest.xml:9:9-41
26        android:icon="@mipmap/ic_launcher"
26-->src/main/AndroidManifest.xml:10:9-43
27        android:label="@string/app_name"
27-->src/main/AndroidManifest.xml:11:9-41
28        android:roundIcon="@mipmap/ic_launcher_round"
28-->src/main/AndroidManifest.xml:12:9-54
29        android:supportsRtl="true"
29-->src/main/AndroidManifest.xml:13:9-35
30        android:theme="@style/AppTheme" >
30-->src/main/AndroidManifest.xml:14:9-40
31        <activity
31-->src/main/AndroidManifest.xml:15:9-17:76
32            android:name="com.example.lifeline.ListOfDoctorsActivity"
32-->src/main/AndroidManifest.xml:15:19-56
33            android:label="List of Doctors"
33-->src/main/AndroidManifest.xml:16:13-44
34            android:parentActivityName="com.example.lifeline.ListOfDoctorsActivity" />
34-->src/main/AndroidManifest.xml:17:13-64
35        <activity android:name="com.example.lifeline.RegisterActivity" />
35-->src/main/AndroidManifest.xml:18:17-62
35-->src/main/AndroidManifest.xml:18:27-59
36        <activity android:name="com.example.lifeline.LoginActivity" >
36-->src/main/AndroidManifest.xml:19:17-27:20
36-->src/main/AndroidManifest.xml:19:27-56
37            <intent-filter>
37-->src/main/AndroidManifest.xml:22:13-26:29
38                <action android:name="android.intent.action.MAIN" />
38-->src/main/AndroidManifest.xml:23:17-69
38-->src/main/AndroidManifest.xml:23:25-66
39
40                <category android:name="android.intent.category.LAUNCHER" />
40-->src/main/AndroidManifest.xml:25:17-77
40-->src/main/AndroidManifest.xml:25:27-74
41            </intent-filter>
42        </activity>
43        <activity
43-->src/main/AndroidManifest.xml:28:9-31:15
44            android:name="com.example.lifeline.tokenStatusFragment"
44-->src/main/AndroidManifest.xml:28:19-54
45            android:label="Token Status"
45-->src/main/AndroidManifest.xml:29:13-41
46            android:parentActivityName="com.example.lifeline.MainActivity" />
46-->src/main/AndroidManifest.xml:30:13-55
47        <activity
47-->src/main/AndroidManifest.xml:32:9-34:41
48            android:name="com.example.lifeline.SettingsFragment"
48-->src/main/AndroidManifest.xml:32:19-51
49            android:label="My Profile"
49-->src/main/AndroidManifest.xml:34:13-39
50            android:parentActivityName="com.example.lifeline.MainActivity" />
50-->src/main/AndroidManifest.xml:33:13-55
51        <activity
51-->src/main/AndroidManifest.xml:36:9-38:59
52            android:name="com.example.lifeline.MainActivity"
52-->src/main/AndroidManifest.xml:37:13-41
53            android:theme="@style/AppTheme.NoActionBar" />
53-->src/main/AndroidManifest.xml:38:13-56
54        <activity
54-->src/main/AndroidManifest.xml:39:9-40:66
55            android:name="com.example.lifeline.Doc_InfoActivity"
55-->src/main/AndroidManifest.xml:39:19-51
56            android:parentActivityName="com.example.lifeline.ListOfDoctorsActivity" />
56-->src/main/AndroidManifest.xml:40:13-64
57
58        <meta-data
58-->src/main/AndroidManifest.xml:45:9-47:57
59            android:name="preloaded_fonts"
59-->src/main/AndroidManifest.xml:46:13-43
60            android:resource="@array/preloaded_fonts" />
60-->src/main/AndroidManifest.xml:47:13-54
61
62        <activity
62-->[com.google.firebase:firebase-auth:19.2.0] AndroidManifest.xml:24:9-31:50
63            android:name="com.google.firebase.auth.internal.FederatedSignInActivity"
63-->[com.google.firebase:firebase-auth:19.2.0] AndroidManifest.xml:25:13-85
64            android:excludeFromRecents="true"
64-->[com.google.firebase:firebase-auth:19.2.0] AndroidManifest.xml:26:13-46
65            android:exported="true"
65-->[com.google.firebase:firebase-auth:19.2.0] AndroidManifest.xml:27:13-36
66            android:launchMode="singleTask"
66-->[com.google.firebase:firebase-auth:19.2.0] AndroidManifest.xml:28:13-44
67            android:permission="com.google.firebase.auth.api.gms.permission.LAUNCH_FEDERATED_SIGN_IN"
67-->[com.google.firebase:firebase-auth:19.2.0] AndroidManifest.xml:29:13-102
68            android:theme="@android:style/Theme.Translucent.NoTitleBar" />
68-->[com.google.firebase:firebase-auth:19.2.0] AndroidManifest.xml:30:13-72
69
70        <service
70-->[com.google.firebase:firebase-auth:19.2.0] AndroidManifest.xml:33:9-39:19
71            android:name="com.google.firebase.components.ComponentDiscoveryService"
71-->[com.google.firebase:firebase-auth:19.2.0] AndroidManifest.xml:34:13-84
72            android:directBootAware="true"
72-->[com.google.firebase:firebase-common:19.3.0] AndroidManifest.xml:34:13-43
73            android:exported="false" >
73-->[com.google.firebase:firebase-auth:19.2.0] AndroidManifest.xml:35:13-37
74            <meta-data
74-->[com.google.firebase:firebase-auth:19.2.0] AndroidManifest.xml:36:13-38:85
75                android:name="com.google.firebase.components:com.google.firebase.auth.FirebaseAuthRegistrar"
75-->[com.google.firebase:firebase-auth:19.2.0] AndroidManifest.xml:37:17-109
76                android:value="com.google.firebase.components.ComponentRegistrar" />
76-->[com.google.firebase:firebase-auth:19.2.0] AndroidManifest.xml:38:17-82
77            <meta-data
77-->[com.google.firebase:firebase-storage:19.1.0] AndroidManifest.xml:33:13-35:85
78                android:name="com.google.firebase.components:com.google.firebase.storage.StorageRegistrar"
78-->[com.google.firebase:firebase-storage:19.1.0] AndroidManifest.xml:34:17-107
79                android:value="com.google.firebase.components.ComponentRegistrar" />
79-->[com.google.firebase:firebase-storage:19.1.0] AndroidManifest.xml:35:17-82
80            <meta-data
80-->[com.google.firebase:firebase-database:19.2.0] AndroidManifest.xml:32:13-34:85
81                android:name="com.google.firebase.components:com.google.firebase.database.DatabaseRegistrar"
81-->[com.google.firebase:firebase-database:19.2.0] AndroidManifest.xml:33:17-109
82                android:value="com.google.firebase.components.ComponentRegistrar" />
82-->[com.google.firebase:firebase-database:19.2.0] AndroidManifest.xml:34:17-82
83            <meta-data
83-->[com.google.android.gms:play-services-measurement-api:17.2.2] AndroidManifest.xml:30:13-32:85
84                android:name="com.google.firebase.components:com.google.firebase.analytics.connector.internal.AnalyticsConnectorRegistrar"
84-->[com.google.android.gms:play-services-measurement-api:17.2.2] AndroidManifest.xml:31:17-139
85                android:value="com.google.firebase.components.ComponentRegistrar" />
85-->[com.google.android.gms:play-services-measurement-api:17.2.2] AndroidManifest.xml:32:17-82
86            <meta-data
86-->[com.google.firebase:firebase-iid:20.0.2] AndroidManifest.xml:32:13-34:85
87                android:name="com.google.firebase.components:com.google.firebase.iid.Registrar"
87-->[com.google.firebase:firebase-iid:20.0.2] AndroidManifest.xml:33:17-96
88                android:value="com.google.firebase.components.ComponentRegistrar" />
88-->[com.google.firebase:firebase-iid:20.0.2] AndroidManifest.xml:34:17-82
89        </service>
90
91        <provider
91-->[com.squareup.picasso:picasso:2.71828] AndroidManifest.xml:8:9-11:40
92            android:name="com.squareup.picasso.PicassoProvider"
92-->[com.squareup.picasso:picasso:2.71828] AndroidManifest.xml:9:13-64
93            android:authorities="com.example.lifeline.com.squareup.picasso"
93-->[com.squareup.picasso:picasso:2.71828] AndroidManifest.xml:10:13-72
94            android:exported="false" />
94-->[com.squareup.picasso:picasso:2.71828] AndroidManifest.xml:11:13-37
95
96        <receiver
96-->[com.google.firebase:firebase-iid:20.0.2] AndroidManifest.xml:37:9-44:20
97            android:name="com.google.firebase.iid.FirebaseInstanceIdReceiver"
97-->[com.google.firebase:firebase-iid:20.0.2] AndroidManifest.xml:38:13-78
98            android:exported="true"
98-->[com.google.firebase:firebase-iid:20.0.2] AndroidManifest.xml:39:13-36
99            android:permission="com.google.android.c2dm.permission.SEND" >
99-->[com.google.firebase:firebase-iid:20.0.2] AndroidManifest.xml:40:13-73
100            <intent-filter>
100-->[com.google.firebase:firebase-iid:20.0.2] AndroidManifest.xml:41:13-43:29
101                <action android:name="com.google.android.c2dm.intent.RECEIVE" />
101-->[com.google.firebase:firebase-iid:20.0.2] AndroidManifest.xml:42:17-81
101-->[com.google.firebase:firebase-iid:20.0.2] AndroidManifest.xml:42:25-78
102            </intent-filter>
103        </receiver>
104
105        <activity
105-->[com.google.android.gms:play-services-base:17.1.0] AndroidManifest.xml:23:9-26:75
106            android:name="com.google.android.gms.common.api.GoogleApiActivity"
106-->[com.google.android.gms:play-services-base:17.1.0] AndroidManifest.xml:24:13-79
107            android:exported="false"
107-->[com.google.android.gms:play-services-base:17.1.0] AndroidManifest.xml:25:13-37
108            android:theme="@android:style/Theme.Translucent.NoTitleBar" />
108-->[com.google.android.gms:play-services-base:17.1.0] AndroidManifest.xml:26:13-72
109
110        <receiver
110-->[com.google.android.gms:play-services-measurement:17.2.2] AndroidManifest.xml:29:9-33:20
111            android:name="com.google.android.gms.measurement.AppMeasurementReceiver"
111-->[com.google.android.gms:play-services-measurement:17.2.2] AndroidManifest.xml:30:13-85
112            android:enabled="true"
112-->[com.google.android.gms:play-services-measurement:17.2.2] AndroidManifest.xml:31:13-35
113            android:exported="false" >
113-->[com.google.android.gms:play-services-measurement:17.2.2] AndroidManifest.xml:32:13-37
114        </receiver>
115        <receiver
115-->[com.google.android.gms:play-services-measurement:17.2.2] AndroidManifest.xml:34:9-42:20
116            android:name="com.google.android.gms.measurement.AppMeasurementInstallReferrerReceiver"
116-->[com.google.android.gms:play-services-measurement:17.2.2] AndroidManifest.xml:35:13-100
117            android:enabled="true"
117-->[com.google.android.gms:play-services-measurement:17.2.2] AndroidManifest.xml:36:13-35
118            android:exported="true"
118-->[com.google.android.gms:play-services-measurement:17.2.2] AndroidManifest.xml:37:13-36
119            android:permission="android.permission.INSTALL_PACKAGES" >
119-->[com.google.android.gms:play-services-measurement:17.2.2] AndroidManifest.xml:38:13-69
120            <intent-filter>
120-->[com.google.android.gms:play-services-measurement:17.2.2] AndroidManifest.xml:39:13-41:29
121                <action android:name="com.android.vending.INSTALL_REFERRER" />
121-->[com.google.android.gms:play-services-measurement:17.2.2] AndroidManifest.xml:40:17-79
121-->[com.google.android.gms:play-services-measurement:17.2.2] AndroidManifest.xml:40:25-76
122            </intent-filter>
123        </receiver>
124
125        <service
125-->[com.google.android.gms:play-services-measurement:17.2.2] AndroidManifest.xml:44:9-47:40
126            android:name="com.google.android.gms.measurement.AppMeasurementService"
126-->[com.google.android.gms:play-services-measurement:17.2.2] AndroidManifest.xml:45:13-84
127            android:enabled="true"
127-->[com.google.android.gms:play-services-measurement:17.2.2] AndroidManifest.xml:46:13-35
128            android:exported="false" />
128-->[com.google.android.gms:play-services-measurement:17.2.2] AndroidManifest.xml:47:13-37
129        <service
129-->[com.google.android.gms:play-services-measurement:17.2.2] AndroidManifest.xml:48:9-52:72
130            android:name="com.google.android.gms.measurement.AppMeasurementJobService"
130-->[com.google.android.gms:play-services-measurement:17.2.2] AndroidManifest.xml:49:13-87
131            android:enabled="true"
131-->[com.google.android.gms:play-services-measurement:17.2.2] AndroidManifest.xml:50:13-35
132            android:exported="false"
132-->[com.google.android.gms:play-services-measurement:17.2.2] AndroidManifest.xml:51:13-37
133            android:permission="android.permission.BIND_JOB_SERVICE" />
133-->[com.google.android.gms:play-services-measurement:17.2.2] AndroidManifest.xml:52:13-69
134
135        <provider
135-->[com.google.firebase:firebase-common:19.3.0] AndroidManifest.xml:26:9-30:39
136            android:name="com.google.firebase.provider.FirebaseInitProvider"
136-->[com.google.firebase:firebase-common:19.3.0] AndroidManifest.xml:27:13-77
137            android:authorities="com.example.lifeline.firebaseinitprovider"
137-->[com.google.firebase:firebase-common:19.3.0] AndroidManifest.xml:28:13-72
138            android:exported="false"
138-->[com.google.firebase:firebase-common:19.3.0] AndroidManifest.xml:29:13-37
139            android:initOrder="100" />
139-->[com.google.firebase:firebase-common:19.3.0] AndroidManifest.xml:30:13-36
140
141        <meta-data
141-->[com.google.android.gms:play-services-basement:17.0.0] AndroidManifest.xml:23:9-25:69
142            android:name="com.google.android.gms.version"
142-->[com.google.android.gms:play-services-basement:17.0.0] AndroidManifest.xml:24:13-58
143            android:value="@integer/google_play_services_version" />
143-->[com.google.android.gms:play-services-basement:17.0.0] AndroidManifest.xml:25:13-66
144    </application>
145
146</manifest> <!-- <activity android:name=".RegisterActivity" /> -->
147<!-- <activity android:name=".LoginActivity"> -->